<?xml version="1.0" encoding="UTF-8"?>
<testng-results skipped="0" failed="0" ignored="0" total="2" passed="2">
  <reporter-output>
  </reporter-output>
  <suite name="Default suite" duration-ms="11140" started-at="2019-02-20T14:17:36Z" finished-at="2019-02-20T14:17:47Z">
    <groups>
    </groups>
    <test name="Default test" duration-ms="11140" started-at="2019-02-20T14:17:36Z" finished-at="2019-02-20T14:17:47Z">
      <class name="com.orangehrm.module.testcases.LoginTestCase">
        <test-method status="PASS" signature="browserLaunch()[pri:0, instance:com.orangehrm.module.testcases.LoginTestCase@1341870]" name="browserLaunch" is-config="true" duration-ms="6104" started-at="2019-02-20T19:47:36Z" finished-at="2019-02-20T19:47:42Z">
          <reporter-output>
          </reporter-output>
        </test-method> <!-- browserLaunch -->
        <test-method status="PASS" signature="logIn()[pri:0, instance:com.orangehrm.module.testcases.LoginTestCase@1341870]" name="logIn" duration-ms="3251" started-at="2019-02-20T19:47:42Z" finished-at="2019-02-20T19:47:46Z">
          <reporter-output>
          </reporter-output>
        </test-method> <!-- logIn -->
        <test-method status="PASS" signature="logout()[pri:0, instance:com.orangehrm.module.testcases.LoginTestCase@1341870]" name="logout" duration-ms="1045" started-at="2019-02-20T19:47:46Z" finished-at="2019-02-20T19:47:47Z">
          <reporter-output>
          </reporter-output>
        </test-method> <!-- logout -->
        <test-method status="PASS" signature="closeBrowsers()[pri:0, instance:com.orangehrm.module.testcases.LoginTestCase@1341870]" name="closeBrowsers" is-config="true" duration-ms="699" started-at="2019-02-20T19:47:47Z" finished-at="2019-02-20T19:47:47Z">
          <reporter-output>
          </reporter-output>
        </test-method> <!-- closeBrowsers -->
      </class> <!-- com.orangehrm.module.testcases.LoginTestCase -->
    </test> <!-- Default test -->
  </suite> <!-- Default suite -->
</testng-results>
